<?xml version="1.0" encoding="UTF-8"?>
<testsuite xmlns:xsi="http://www.w3.org/2001/XMLSchema-instance" xsi:noNamespaceSchemaLocation="https://maven.apache.org/surefire/maven-surefire-plugin/xsd/surefire-test-report-3.0.xsd" version="3.0" name="runner.TestRunner" time="146.138" tests="8" errors="0" skipped="0" failures="0">
  <properties>
    <property name="java.specification.version" value="22"/>
    <property name="sun.cpu.isalist" value="amd64"/>
    <property name="sun.jnu.encoding" value="Cp1252"/>
    <property name="java.class.path" value="C:\Users\srivi\eclipse-workspace\skytube-mobile-automation-appium-cucumber\target\test-classes;C:\Users\srivi\eclipse-workspace\skytube-mobile-automation-appium-cucumber\target\classes;C:\Users\srivi\.m2\repository\io\cucumber\cucumber-junit\7.15.0\cucumber-junit-7.15.0.jar;C:\Users\srivi\.m2\repository\org\apiguardian\apiguardian-api\1.1.2\apiguardian-api-1.1.2.jar;C:\Users\srivi\.m2\repository\io\cucumber\cucumber-core\7.15.0\cucumber-core-7.15.0.jar;C:\Users\srivi\.m2\repository\io\cucumber\cucumber-gherkin\7.15.0\cucumber-gherkin-7.15.0.jar;C:\Users\srivi\.m2\repository\io\cucumber\cucumber-gherkin-messages\7.15.0\cucumber-gherkin-messages-7.15.0.jar;C:\Users\srivi\.m2\repository\io\cucumber\tag-expressions\6.0.0\tag-expressions-6.0.0.jar;C:\Users\srivi\.m2\repository\io\cucumber\cucumber-expressions\17.0.1\cucumber-expressions-17.0.1.jar;C:\Users\srivi\.m2\repository\io\cucumber\datatable\7.15.0\datatable-7.15.0.jar;C:\Users\srivi\.m2\repository\io\cucumber\cucumber-plugin\7.15.0\cucumber-plugin-7.15.0.jar;C:\Users\srivi\.m2\repository\io\cucumber\docstring\7.15.0\docstring-7.15.0.jar;C:\Users\srivi\.m2\repository\io\cucumber\html-formatter\20.4.0\html-formatter-20.4.0.jar;C:\Users\srivi\.m2\repository\io\cucumber\junit-xml-formatter\0.2.0\junit-xml-formatter-0.2.0.jar;C:\Users\srivi\.m2\repository\io\cucumber\ci-environment\10.0.0\ci-environment-10.0.0.jar;C:\Users\srivi\.m2\repository\junit\junit\4.13.2\junit-4.13.2.jar;C:\Users\srivi\.m2\repository\org\hamcrest\hamcrest-core\1.3\hamcrest-core-1.3.jar;C:\Users\srivi\.m2\repository\io\cucumber\cucumber-junit-platform-engine\7.15.0\cucumber-junit-platform-engine-7.15.0.jar;C:\Users\srivi\.m2\repository\org\junit\platform\junit-platform-engine\1.10.1\junit-platform-engine-1.10.1.jar;C:\Users\srivi\.m2\repository\org\opentest4j\opentest4j\1.3.0\opentest4j-1.3.0.jar;C:\Users\srivi\.m2\repository\org\junit\platform\junit-platform-commons\1.10.1\junit-platform-commons-1.10.1.jar;C:\Users\srivi\.m2\repository\org\junit\platform\junit-platform-suite\1.9.2\junit-platform-suite-1.9.2.jar;C:\Users\srivi\.m2\repository\org\junit\platform\junit-platform-suite-api\1.9.2\junit-platform-suite-api-1.9.2.jar;C:\Users\srivi\.m2\repository\org\junit\platform\junit-platform-suite-engine\1.9.2\junit-platform-suite-engine-1.9.2.jar;C:\Users\srivi\.m2\repository\org\junit\platform\junit-platform-suite-commons\1.9.2\junit-platform-suite-commons-1.9.2.jar;C:\Users\srivi\.m2\repository\org\junit\platform\junit-platform-launcher\1.9.2\junit-platform-launcher-1.9.2.jar;C:\Users\srivi\.m2\repository\io\cucumber\cucumber-java\7.15.0\cucumber-java-7.15.0.jar;C:\Users\srivi\.m2\repository\org\seleniumhq\selenium\selenium-java\4.18.1\selenium-java-4.18.1.jar;C:\Users\srivi\.m2\repository\org\seleniumhq\selenium\selenium-api\4.18.1\selenium-api-4.18.1.jar;C:\Users\srivi\.m2\repository\org\seleniumhq\selenium\selenium-chrome-driver\4.18.1\selenium-chrome-driver-4.18.1.jar;C:\Users\srivi\.m2\repository\com\google\auto\service\auto-service-annotations\1.1.1\auto-service-annotations-1.1.1.jar;C:\Users\srivi\.m2\repository\org\seleniumhq\selenium\selenium-chromium-driver\4.18.1\selenium-chromium-driver-4.18.1.jar;C:\Users\srivi\.m2\repository\org\seleniumhq\selenium\selenium-json\4.18.1\selenium-json-4.18.1.jar;C:\Users\srivi\.m2\repository\org\seleniumhq\selenium\selenium-manager\4.18.1\selenium-manager-4.18.1.jar;C:\Users\srivi\.m2\repository\org\seleniumhq\selenium\selenium-devtools-v120\4.18.1\selenium-devtools-v120-4.18.1.jar;C:\Users\srivi\.m2\repository\org\seleniumhq\selenium\selenium-devtools-v121\4.18.1\selenium-devtools-v121-4.18.1.jar;C:\Users\srivi\.m2\repository\org\seleniumhq\selenium\selenium-devtools-v122\4.18.1\selenium-devtools-v122-4.18.1.jar;C:\Users\srivi\.m2\repository\org\seleniumhq\selenium\selenium-devtools-v85\4.18.1\selenium-devtools-v85-4.18.1.jar;C:\Users\srivi\.m2\repository\org\seleniumhq\selenium\selenium-edge-driver\4.18.1\selenium-edge-driver-4.18.1.jar;C:\Users\srivi\.m2\repository\org\seleniumhq\selenium\selenium-firefox-driver\4.18.1\selenium-firefox-driver-4.18.1.jar;C:\Users\srivi\.m2\repository\org\seleniumhq\selenium\selenium-http\4.18.1\selenium-http-4.18.1.jar;C:\Users\srivi\.m2\repository\dev\failsafe\failsafe\3.3.2\failsafe-3.3.2.jar;C:\Users\srivi\.m2\repository\org\seleniumhq\selenium\selenium-ie-driver\4.18.1\selenium-ie-driver-4.18.1.jar;C:\Users\srivi\.m2\repository\org\seleniumhq\selenium\selenium-remote-driver\4.18.1\selenium-remote-driver-4.18.1.jar;C:\Users\srivi\.m2\repository\io\opentelemetry\semconv\opentelemetry-semconv\1.23.1-alpha\opentelemetry-semconv-1.23.1-alpha.jar;C:\Users\srivi\.m2\repository\io\opentelemetry\opentelemetry-api\1.35.0\opentelemetry-api-1.35.0.jar;C:\Users\srivi\.m2\repository\io\opentelemetry\opentelemetry-context\1.35.0\opentelemetry-context-1.35.0.jar;C:\Users\srivi\.m2\repository\io\opentelemetry\opentelemetry-exporter-logging\1.35.0\opentelemetry-exporter-logging-1.35.0.jar;C:\Users\srivi\.m2\repository\io\opentelemetry\opentelemetry-sdk-common\1.35.0\opentelemetry-sdk-common-1.35.0.jar;C:\Users\srivi\.m2\repository\io\opentelemetry\opentelemetry-sdk-extension-autoconfigure-spi\1.35.0\opentelemetry-sdk-extension-autoconfigure-spi-1.35.0.jar;C:\Users\srivi\.m2\repository\io\opentelemetry\opentelemetry-sdk-extension-autoconfigure\1.35.0\opentelemetry-sdk-extension-autoconfigure-1.35.0.jar;C:\Users\srivi\.m2\repository\io\opentelemetry\opentelemetry-api-events\1.35.0-alpha\opentelemetry-api-events-1.35.0-alpha.jar;C:\Users\srivi\.m2\repository\io\opentelemetry\opentelemetry-sdk-trace\1.35.0\opentelemetry-sdk-trace-1.35.0.jar;C:\Users\srivi\.m2\repository\io\opentelemetry\opentelemetry-extension-incubator\1.35.0-alpha\opentelemetry-extension-incubator-1.35.0-alpha.jar;C:\Users\srivi\.m2\repository\io\opentelemetry\opentelemetry-sdk\1.35.0\opentelemetry-sdk-1.35.0.jar;C:\Users\srivi\.m2\repository\io\opentelemetry\opentelemetry-sdk-metrics\1.35.0\opentelemetry-sdk-metrics-1.35.0.jar;C:\Users\srivi\.m2\repository\io\opentelemetry\opentelemetry-sdk-logs\1.35.0\opentelemetry-sdk-logs-1.35.0.jar;C:\Users\srivi\.m2\repository\net\bytebuddy\byte-buddy\1.14.12\byte-buddy-1.14.12.jar;C:\Users\srivi\.m2\repository\org\seleniumhq\selenium\selenium-os\4.18.1\selenium-os-4.18.1.jar;C:\Users\srivi\.m2\repository\org\apache\commons\commons-exec\1.3\commons-exec-1.3.jar;C:\Users\srivi\.m2\repository\org\seleniumhq\selenium\selenium-safari-driver\4.18.1\selenium-safari-driver-4.18.1.jar;C:\Users\srivi\.m2\repository\org\seleniumhq\selenium\selenium-support\4.18.1\selenium-support-4.18.1.jar;C:\Users\srivi\.m2\repository\io\appium\java-client\9.1.0\java-client-9.1.0.jar;C:\Users\srivi\.m2\repository\com\google\code\gson\gson\2.10.1\gson-2.10.1.jar;C:\Users\srivi\.m2\repository\org\apache\logging\log4j\log4j-api\2.20.0\log4j-api-2.20.0.jar;C:\Users\srivi\.m2\repository\org\apache\logging\log4j\log4j-core\2.20.0\log4j-core-2.20.0.jar;C:\Users\srivi\.m2\repository\org\slf4j\slf4j-api\2.0.5\slf4j-api-2.0.5.jar;C:\Users\srivi\.m2\repository\org\slf4j\slf4j-simple\2.0.5\slf4j-simple-2.0.5.jar;C:\Users\srivi\.m2\repository\io\cucumber\gherkin\26.0.1\gherkin-26.0.1.jar;C:\Users\srivi\.m2\repository\io\cucumber\messages\21.0.1\messages-21.0.1.jar;C:\Users\srivi\.m2\repository\tech\grasshopper\extentreports-cucumber7-adapter\1.14.0\extentreports-cucumber7-adapter-1.14.0.jar;C:\Users\srivi\.m2\repository\com\aventstack\extentreports\5.1.0\extentreports-5.1.0.jar;C:\Users\srivi\.m2\repository\io\reactivex\rxjava3\rxjava\3.1.6\rxjava-3.1.6.jar;C:\Users\srivi\.m2\repository\org\reactivestreams\reactive-streams\1.0.4\reactive-streams-1.0.4.jar;C:\Users\srivi\.m2\repository\org\freemarker\freemarker\2.3.32\freemarker-2.3.32.jar;C:\Users\srivi\.m2\repository\tech\grasshopper\extent-pdf-report\2.12.0\extent-pdf-report-2.12.0.jar;C:\Users\srivi\.m2\repository\tech\grasshopper\cucumber-pdf-report\2.14.0\cucumber-pdf-report-2.14.0.jar;C:\Users\srivi\.m2\repository\org\apache\pdfbox\pdfbox\2.0.26\pdfbox-2.0.26.jar;C:\Users\srivi\.m2\repository\org\apache\pdfbox\fontbox\2.0.26\fontbox-2.0.26.jar;C:\Users\srivi\.m2\repository\org\knowm\xchart\xchart\3.8.0\xchart-3.8.0.jar;C:\Users\srivi\.m2\repository\de\erichseifert\vectorgraphics2d\VectorGraphics2D\0.13\VectorGraphics2D-0.13.jar;C:\Users\srivi\.m2\repository\de\rototor\pdfbox\graphics2d\0.30\graphics2d-0.30.jar;C:\Users\srivi\.m2\repository\com\madgag\animated-gif-lib\1.4\animated-gif-lib-1.4.jar;C:\Users\srivi\.m2\repository\org\yaml\snakeyaml\2.0\snakeyaml-2.0.jar;C:\Users\srivi\.m2\repository\tech\grasshopper\table-layout\1.5.1\table-layout-1.5.1.jar;C:\Users\srivi\.m2\repository\tech\grasshopper\rest-assured-cucumber-pdf-report\1.5.0\rest-assured-cucumber-pdf-report-1.5.0.jar;C:\Users\srivi\.m2\repository\com\aventstack\klov-reporter\5.1.0\klov-reporter-5.1.0.jar;C:\Users\srivi\.m2\repository\org\mongodb\mongodb-driver\3.6.4\mongodb-driver-3.6.4.jar;C:\Users\srivi\.m2\repository\org\mongodb\mongodb-driver-core\3.6.4\mongodb-driver-core-3.6.4.jar;C:\Users\srivi\.m2\repository\org\mongodb\bson\3.6.4\bson-3.6.4.jar;C:\Users\srivi\.m2\repository\org\apache\httpcomponents\httpclient\4.5.13\httpclient-4.5.13.jar;C:\Users\srivi\.m2\repository\org\apache\httpcomponents\httpcore\4.4.13\httpcore-4.4.13.jar;C:\Users\srivi\.m2\repository\commons-logging\commons-logging\1.2\commons-logging-1.2.jar;C:\Users\srivi\.m2\repository\org\apache\httpcomponents\httpmime\4.5.13\httpmime-4.5.13.jar;C:\Users\srivi\.m2\repository\tech\grasshopper\htmlextentreporter\1.1.0\htmlextentreporter-1.1.0.jar;C:\Users\srivi\.m2\repository\tech\grasshopper\extent-excel-report\1.4.0\extent-excel-report-1.4.0.jar;C:\Users\srivi\.m2\repository\org\apache\poi\poi\5.2.5\poi-5.2.5.jar;C:\Users\srivi\.m2\repository\commons-codec\commons-codec\1.16.0\commons-codec-1.16.0.jar;C:\Users\srivi\.m2\repository\org\apache\commons\commons-collections4\4.4\commons-collections4-4.4.jar;C:\Users\srivi\.m2\repository\org\apache\commons\commons-math3\3.6.1\commons-math3-3.6.1.jar;C:\Users\srivi\.m2\repository\com\zaxxer\SparseBitSet\1.3\SparseBitSet-1.3.jar;C:\Users\srivi\.m2\repository\org\apache\poi\poi-ooxml\5.2.5\poi-ooxml-5.2.5.jar;C:\Users\srivi\.m2\repository\org\apache\poi\poi-ooxml-lite\5.2.5\poi-ooxml-lite-5.2.5.jar;C:\Users\srivi\.m2\repository\org\apache\xmlbeans\xmlbeans\5.2.0\xmlbeans-5.2.0.jar;C:\Users\srivi\.m2\repository\org\apache\commons\commons-compress\1.25.0\commons-compress-1.25.0.jar;C:\Users\srivi\.m2\repository\com\github\virtuald\curvesapi\1.08\curvesapi-1.08.jar;C:\Users\srivi\.m2\repository\commons-io\commons-io\2.7\commons-io-2.7.jar;C:\Users\srivi\.m2\repository\org\projectlombok\lombok\1.18.38\lombok-1.18.38.jar;C:\Users\srivi\.m2\repository\com\google\guava\guava\33.0.0-jre\guava-33.0.0-jre.jar;C:\Users\srivi\.m2\repository\com\google\guava\failureaccess\1.0.2\failureaccess-1.0.2.jar;C:\Users\srivi\.m2\repository\com\google\guava\listenablefuture\9999.0-empty-to-avoid-conflict-with-guava\listenablefuture-9999.0-empty-to-avoid-conflict-with-guava.jar;C:\Users\srivi\.m2\repository\com\google\code\findbugs\jsr305\3.0.2\jsr305-3.0.2.jar;C:\Users\srivi\.m2\repository\org\checkerframework\checker-qual\3.41.0\checker-qual-3.41.0.jar;C:\Users\srivi\.m2\repository\com\google\errorprone\error_prone_annotations\2.23.0\error_prone_annotations-2.23.0.jar;C:\Users\srivi\.m2\repository\com\google\j2objc\j2objc-annotations\2.8\j2objc-annotations-2.8.jar;C:\Users\srivi\.m2\repository\net\masterthought\cucumber-reporting\5.8.0\cucumber-reporting-5.8.0.jar;C:\Users\srivi\.m2\repository\com\fasterxml\jackson\core\jackson-databind\2.16.1\jackson-databind-2.16.1.jar;C:\Users\srivi\.m2\repository\com\fasterxml\jackson\core\jackson-annotations\2.16.1\jackson-annotations-2.16.1.jar;C:\Users\srivi\.m2\repository\com\fasterxml\jackson\core\jackson-core\2.16.1\jackson-core-2.16.1.jar;C:\Users\srivi\.m2\repository\com\fasterxml\jackson\datatype\jackson-datatype-jsr310\2.16.1\jackson-datatype-jsr310-2.16.1.jar;C:\Users\srivi\.m2\repository\org\apache\velocity\velocity-engine-core\2.3\velocity-engine-core-2.3.jar;C:\Users\srivi\.m2\repository\joda-time\joda-time\2.12.6\joda-time-2.12.6.jar;C:\Users\srivi\.m2\repository\org\apache\commons\commons-configuration2\2.9.0\commons-configuration2-2.9.0.jar;C:\Users\srivi\.m2\repository\org\apache\commons\commons-lang3\3.14.0\commons-lang3-3.14.0.jar;C:\Users\srivi\.m2\repository\org\apache\commons\commons-text\1.11.0\commons-text-1.11.0.jar;C:\Users\srivi\.m2\repository\org\jsoup\jsoup\1.17.2\jsoup-1.17.2.jar;C:\Users\srivi\.m2\repository\com\googlecode\owasp-java-html-sanitizer\owasp-java-html-sanitizer\20220608.1\owasp-java-html-sanitizer-20220608.1.jar;C:\Users\srivi\.m2\repository\org\slf4j\jcl-over-slf4j\2.0.11\jcl-over-slf4j-2.0.11.jar;"/>
    <property name="java.vm.vendor" value="Oracle Corporation"/>
    <property name="sun.arch.data.model" value="64"/>
    <property name="user.variant" value=""/>
    <property name="java.vendor.url" value="https://java.oracle.com/"/>
    <property name="user.timezone" value="America/Chicago"/>
    <property name="os.name" value="Windows 11"/>
    <property name="java.vm.specification.version" value="22"/>
    <property name="sun.java.launcher" value="SUN_STANDARD"/>
    <property name="user.country" value="US"/>
    <property name="sun.boot.library.path" value="C:\Program Files\Java\jdk-22\bin"/>
    <property name="sun.java.command" value="C:\Users\srivi\AppData\Local\Temp\surefire6002169543843226002\surefirebooter-20250801201913179_3.jar C:\Users\srivi\AppData\Local\Temp\surefire6002169543843226002 2025-08-01T20-19-12_987-jvmRun1 surefire-20250801201913179_1tmp surefire_0-20250801201913179_2tmp"/>
    <property name="jdk.debug" value="release"/>
    <property name="surefire.test.class.path" value="C:\Users\srivi\eclipse-workspace\skytube-mobile-automation-appium-cucumber\target\test-classes;C:\Users\srivi\eclipse-workspace\skytube-mobile-automation-appium-cucumber\target\classes;C:\Users\srivi\.m2\repository\io\cucumber\cucumber-junit\7.15.0\cucumber-junit-7.15.0.jar;C:\Users\srivi\.m2\repository\org\apiguardian\apiguardian-api\1.1.2\apiguardian-api-1.1.2.jar;C:\Users\srivi\.m2\repository\io\cucumber\cucumber-core\7.15.0\cucumber-core-7.15.0.jar;C:\Users\srivi\.m2\repository\io\cucumber\cucumber-gherkin\7.15.0\cucumber-gherkin-7.15.0.jar;C:\Users\srivi\.m2\repository\io\cucumber\cucumber-gherkin-messages\7.15.0\cucumber-gherkin-messages-7.15.0.jar;C:\Users\srivi\.m2\repository\io\cucumber\tag-expressions\6.0.0\tag-expressions-6.0.0.jar;C:\Users\srivi\.m2\repository\io\cucumber\cucumber-expressions\17.0.1\cucumber-expressions-17.0.1.jar;C:\Users\srivi\.m2\repository\io\cucumber\datatable\7.15.0\datatable-7.15.0.jar;C:\Users\srivi\.m2\repository\io\cucumber\cucumber-plugin\7.15.0\cucumber-plugin-7.15.0.jar;C:\Users\srivi\.m2\repository\io\cucumber\docstring\7.15.0\docstring-7.15.0.jar;C:\Users\srivi\.m2\repository\io\cucumber\html-formatter\20.4.0\html-formatter-20.4.0.jar;C:\Users\srivi\.m2\repository\io\cucumber\junit-xml-formatter\0.2.0\junit-xml-formatter-0.2.0.jar;C:\Users\srivi\.m2\repository\io\cucumber\ci-environment\10.0.0\ci-environment-10.0.0.jar;C:\Users\srivi\.m2\repository\junit\junit\4.13.2\junit-4.13.2.jar;C:\Users\srivi\.m2\repository\org\hamcrest\hamcrest-core\1.3\hamcrest-core-1.3.jar;C:\Users\srivi\.m2\repository\io\cucumber\cucumber-junit-platform-engine\7.15.0\cucumber-junit-platform-engine-7.15.0.jar;C:\Users\srivi\.m2\repository\org\junit\platform\junit-platform-engine\1.10.1\junit-platform-engine-1.10.1.jar;C:\Users\srivi\.m2\repository\org\opentest4j\opentest4j\1.3.0\opentest4j-1.3.0.jar;C:\Users\srivi\.m2\repository\org\junit\platform\junit-platform-commons\1.10.1\junit-platform-commons-1.10.1.jar;C:\Users\srivi\.m2\repository\org\junit\platform\junit-platform-suite\1.9.2\junit-platform-suite-1.9.2.jar;C:\Users\srivi\.m2\repository\org\junit\platform\junit-platform-suite-api\1.9.2\junit-platform-suite-api-1.9.2.jar;C:\Users\srivi\.m2\repository\org\junit\platform\junit-platform-suite-engine\1.9.2\junit-platform-suite-engine-1.9.2.jar;C:\Users\srivi\.m2\repository\org\junit\platform\junit-platform-suite-commons\1.9.2\junit-platform-suite-commons-1.9.2.jar;C:\Users\srivi\.m2\repository\org\junit\platform\junit-platform-launcher\1.9.2\junit-platform-launcher-1.9.2.jar;C:\Users\srivi\.m2\repository\io\cucumber\cucumber-java\7.15.0\cucumber-java-7.15.0.jar;C:\Users\srivi\.m2\repository\org\seleniumhq\selenium\selenium-java\4.18.1\selenium-java-4.18.1.jar;C:\Users\srivi\.m2\repository\org\seleniumhq\selenium\selenium-api\4.18.1\selenium-api-4.18.1.jar;C:\Users\srivi\.m2\repository\org\seleniumhq\selenium\selenium-chrome-driver\4.18.1\selenium-chrome-driver-4.18.1.jar;C:\Users\srivi\.m2\repository\com\google\auto\service\auto-service-annotations\1.1.1\auto-service-annotations-1.1.1.jar;C:\Users\srivi\.m2\repository\org\seleniumhq\selenium\selenium-chromium-driver\4.18.1\selenium-chromium-driver-4.18.1.jar;C:\Users\srivi\.m2\repository\org\seleniumhq\selenium\selenium-json\4.18.1\selenium-json-4.18.1.jar;C:\Users\srivi\.m2\repository\org\seleniumhq\selenium\selenium-manager\4.18.1\selenium-manager-4.18.1.jar;C:\Users\srivi\.m2\repository\org\seleniumhq\selenium\selenium-devtools-v120\4.18.1\selenium-devtools-v120-4.18.1.jar;C:\Users\srivi\.m2\repository\org\seleniumhq\selenium\selenium-devtools-v121\4.18.1\selenium-devtools-v121-4.18.1.jar;C:\Users\srivi\.m2\repository\org\seleniumhq\selenium\selenium-devtools-v122\4.18.1\selenium-devtools-v122-4.18.1.jar;C:\Users\srivi\.m2\repository\org\seleniumhq\selenium\selenium-devtools-v85\4.18.1\selenium-devtools-v85-4.18.1.jar;C:\Users\srivi\.m2\repository\org\seleniumhq\selenium\selenium-edge-driver\4.18.1\selenium-edge-driver-4.18.1.jar;C:\Users\srivi\.m2\repository\org\seleniumhq\selenium\selenium-firefox-driver\4.18.1\selenium-firefox-driver-4.18.1.jar;C:\Users\srivi\.m2\repository\org\seleniumhq\selenium\selenium-http\4.18.1\selenium-http-4.18.1.jar;C:\Users\srivi\.m2\repository\dev\failsafe\failsafe\3.3.2\failsafe-3.3.2.jar;C:\Users\srivi\.m2\repository\org\seleniumhq\selenium\selenium-ie-driver\4.18.1\selenium-ie-driver-4.18.1.jar;C:\Users\srivi\.m2\repository\org\seleniumhq\selenium\selenium-remote-driver\4.18.1\selenium-remote-driver-4.18.1.jar;C:\Users\srivi\.m2\repository\io\opentelemetry\semconv\opentelemetry-semconv\1.23.1-alpha\opentelemetry-semconv-1.23.1-alpha.jar;C:\Users\srivi\.m2\repository\io\opentelemetry\opentelemetry-api\1.35.0\opentelemetry-api-1.35.0.jar;C:\Users\srivi\.m2\repository\io\opentelemetry\opentelemetry-context\1.35.0\opentelemetry-context-1.35.0.jar;C:\Users\srivi\.m2\repository\io\opentelemetry\opentelemetry-exporter-logging\1.35.0\opentelemetry-exporter-logging-1.35.0.jar;C:\Users\srivi\.m2\repository\io\opentelemetry\opentelemetry-sdk-common\1.35.0\opentelemetry-sdk-common-1.35.0.jar;C:\Users\srivi\.m2\repository\io\opentelemetry\opentelemetry-sdk-extension-autoconfigure-spi\1.35.0\opentelemetry-sdk-extension-autoconfigure-spi-1.35.0.jar;C:\Users\srivi\.m2\repository\io\opentelemetry\opentelemetry-sdk-extension-autoconfigure\1.35.0\opentelemetry-sdk-extension-autoconfigure-1.35.0.jar;C:\Users\srivi\.m2\repository\io\opentelemetry\opentelemetry-api-events\1.35.0-alpha\opentelemetry-api-events-1.35.0-alpha.jar;C:\Users\srivi\.m2\repository\io\opentelemetry\opentelemetry-sdk-trace\1.35.0\opentelemetry-sdk-trace-1.35.0.jar;C:\Users\srivi\.m2\repository\io\opentelemetry\opentelemetry-extension-incubator\1.35.0-alpha\opentelemetry-extension-incubator-1.35.0-alpha.jar;C:\Users\srivi\.m2\repository\io\opentelemetry\opentelemetry-sdk\1.35.0\opentelemetry-sdk-1.35.0.jar;C:\Users\srivi\.m2\repository\io\opentelemetry\opentelemetry-sdk-metrics\1.35.0\opentelemetry-sdk-metrics-1.35.0.jar;C:\Users\srivi\.m2\repository\io\opentelemetry\opentelemetry-sdk-logs\1.35.0\opentelemetry-sdk-logs-1.35.0.jar;C:\Users\srivi\.m2\repository\net\bytebuddy\byte-buddy\1.14.12\byte-buddy-1.14.12.jar;C:\Users\srivi\.m2\repository\org\seleniumhq\selenium\selenium-os\4.18.1\selenium-os-4.18.1.jar;C:\Users\srivi\.m2\repository\org\apache\commons\commons-exec\1.3\commons-exec-1.3.jar;C:\Users\srivi\.m2\repository\org\seleniumhq\selenium\selenium-safari-driver\4.18.1\selenium-safari-driver-4.18.1.jar;C:\Users\srivi\.m2\repository\org\seleniumhq\selenium\selenium-support\4.18.1\selenium-support-4.18.1.jar;C:\Users\srivi\.m2\repository\io\appium\java-client\9.1.0\java-client-9.1.0.jar;C:\Users\srivi\.m2\repository\com\google\code\gson\gson\2.10.1\gson-2.10.1.jar;C:\Users\srivi\.m2\repository\org\apache\logging\log4j\log4j-api\2.20.0\log4j-api-2.20.0.jar;C:\Users\srivi\.m2\repository\org\apache\logging\log4j\log4j-core\2.20.0\log4j-core-2.20.0.jar;C:\Users\srivi\.m2\repository\org\slf4j\slf4j-api\2.0.5\slf4j-api-2.0.5.jar;C:\Users\srivi\.m2\repository\org\slf4j\slf4j-simple\2.0.5\slf4j-simple-2.0.5.jar;C:\Users\srivi\.m2\repository\io\cucumber\gherkin\26.0.1\gherkin-26.0.1.jar;C:\Users\srivi\.m2\repository\io\cucumber\messages\21.0.1\messages-21.0.1.jar;C:\Users\srivi\.m2\repository\tech\grasshopper\extentreports-cucumber7-adapter\1.14.0\extentreports-cucumber7-adapter-1.14.0.jar;C:\Users\srivi\.m2\repository\com\aventstack\extentreports\5.1.0\extentreports-5.1.0.jar;C:\Users\srivi\.m2\repository\io\reactivex\rxjava3\rxjava\3.1.6\rxjava-3.1.6.jar;C:\Users\srivi\.m2\repository\org\reactivestreams\reactive-streams\1.0.4\reactive-streams-1.0.4.jar;C:\Users\srivi\.m2\repository\org\freemarker\freemarker\2.3.32\freemarker-2.3.32.jar;C:\Users\srivi\.m2\repository\tech\grasshopper\extent-pdf-report\2.12.0\extent-pdf-report-2.12.0.jar;C:\Users\srivi\.m2\repository\tech\grasshopper\cucumber-pdf-report\2.14.0\cucumber-pdf-report-2.14.0.jar;C:\Users\srivi\.m2\repository\org\apache\pdfbox\pdfbox\2.0.26\pdfbox-2.0.26.jar;C:\Users\srivi\.m2\repository\org\apache\pdfbox\fontbox\2.0.26\fontbox-2.0.26.jar;C:\Users\srivi\.m2\repository\org\knowm\xchart\xchart\3.8.0\xchart-3.8.0.jar;C:\Users\srivi\.m2\repository\de\erichseifert\vectorgraphics2d\VectorGraphics2D\0.13\VectorGraphics2D-0.13.jar;C:\Users\srivi\.m2\repository\de\rototor\pdfbox\graphics2d\0.30\graphics2d-0.30.jar;C:\Users\srivi\.m2\repository\com\madgag\animated-gif-lib\1.4\animated-gif-lib-1.4.jar;C:\Users\srivi\.m2\repository\org\yaml\snakeyaml\2.0\snakeyaml-2.0.jar;C:\Users\srivi\.m2\repository\tech\grasshopper\table-layout\1.5.1\table-layout-1.5.1.jar;C:\Users\srivi\.m2\repository\tech\grasshopper\rest-assured-cucumber-pdf-report\1.5.0\rest-assured-cucumber-pdf-report-1.5.0.jar;C:\Users\srivi\.m2\repository\com\aventstack\klov-reporter\5.1.0\klov-reporter-5.1.0.jar;C:\Users\srivi\.m2\repository\org\mongodb\mongodb-driver\3.6.4\mongodb-driver-3.6.4.jar;C:\Users\srivi\.m2\repository\org\mongodb\mongodb-driver-core\3.6.4\mongodb-driver-core-3.6.4.jar;C:\Users\srivi\.m2\repository\org\mongodb\bson\3.6.4\bson-3.6.4.jar;C:\Users\srivi\.m2\repository\org\apache\httpcomponents\httpclient\4.5.13\httpclient-4.5.13.jar;C:\Users\srivi\.m2\repository\org\apache\httpcomponents\httpcore\4.4.13\httpcore-4.4.13.jar;C:\Users\srivi\.m2\repository\commons-logging\commons-logging\1.2\commons-logging-1.2.jar;C:\Users\srivi\.m2\repository\org\apache\httpcomponents\httpmime\4.5.13\httpmime-4.5.13.jar;C:\Users\srivi\.m2\repository\tech\grasshopper\htmlextentreporter\1.1.0\htmlextentreporter-1.1.0.jar;C:\Users\srivi\.m2\repository\tech\grasshopper\extent-excel-report\1.4.0\extent-excel-report-1.4.0.jar;C:\Users\srivi\.m2\repository\org\apache\poi\poi\5.2.5\poi-5.2.5.jar;C:\Users\srivi\.m2\repository\commons-codec\commons-codec\1.16.0\commons-codec-1.16.0.jar;C:\Users\srivi\.m2\repository\org\apache\commons\commons-collections4\4.4\commons-collections4-4.4.jar;C:\Users\srivi\.m2\repository\org\apache\commons\commons-math3\3.6.1\commons-math3-3.6.1.jar;C:\Users\srivi\.m2\repository\com\zaxxer\SparseBitSet\1.3\SparseBitSet-1.3.jar;C:\Users\srivi\.m2\repository\org\apache\poi\poi-ooxml\5.2.5\poi-ooxml-5.2.5.jar;C:\Users\srivi\.m2\repository\org\apache\poi\poi-ooxml-lite\5.2.5\poi-ooxml-lite-5.2.5.jar;C:\Users\srivi\.m2\repository\org\apache\xmlbeans\xmlbeans\5.2.0\xmlbeans-5.2.0.jar;C:\Users\srivi\.m2\repository\org\apache\commons\commons-compress\1.25.0\commons-compress-1.25.0.jar;C:\Users\srivi\.m2\repository\com\github\virtuald\curvesapi\1.08\curvesapi-1.08.jar;C:\Users\srivi\.m2\repository\commons-io\commons-io\2.7\commons-io-2.7.jar;C:\Users\srivi\.m2\repository\org\projectlombok\lombok\1.18.38\lombok-1.18.38.jar;C:\Users\srivi\.m2\repository\com\google\guava\guava\33.0.0-jre\guava-33.0.0-jre.jar;C:\Users\srivi\.m2\repository\com\google\guava\failureaccess\1.0.2\failureaccess-1.0.2.jar;C:\Users\srivi\.m2\repository\com\google\guava\listenablefuture\9999.0-empty-to-avoid-conflict-with-guava\listenablefuture-9999.0-empty-to-avoid-conflict-with-guava.jar;C:\Users\srivi\.m2\repository\com\google\code\findbugs\jsr305\3.0.2\jsr305-3.0.2.jar;C:\Users\srivi\.m2\repository\org\checkerframework\checker-qual\3.41.0\checker-qual-3.41.0.jar;C:\Users\srivi\.m2\repository\com\google\errorprone\error_prone_annotations\2.23.0\error_prone_annotations-2.23.0.jar;C:\Users\srivi\.m2\repository\com\google\j2objc\j2objc-annotations\2.8\j2objc-annotations-2.8.jar;C:\Users\srivi\.m2\repository\net\masterthought\cucumber-reporting\5.8.0\cucumber-reporting-5.8.0.jar;C:\Users\srivi\.m2\repository\com\fasterxml\jackson\core\jackson-databind\2.16.1\jackson-databind-2.16.1.jar;C:\Users\srivi\.m2\repository\com\fasterxml\jackson\core\jackson-annotations\2.16.1\jackson-annotations-2.16.1.jar;C:\Users\srivi\.m2\repository\com\fasterxml\jackson\core\jackson-core\2.16.1\jackson-core-2.16.1.jar;C:\Users\srivi\.m2\repository\com\fasterxml\jackson\datatype\jackson-datatype-jsr310\2.16.1\jackson-datatype-jsr310-2.16.1.jar;C:\Users\srivi\.m2\repository\org\apache\velocity\velocity-engine-core\2.3\velocity-engine-core-2.3.jar;C:\Users\srivi\.m2\repository\joda-time\joda-time\2.12.6\joda-time-2.12.6.jar;C:\Users\srivi\.m2\repository\org\apache\commons\commons-configuration2\2.9.0\commons-configuration2-2.9.0.jar;C:\Users\srivi\.m2\repository\org\apache\commons\commons-lang3\3.14.0\commons-lang3-3.14.0.jar;C:\Users\srivi\.m2\repository\org\apache\commons\commons-text\1.11.0\commons-text-1.11.0.jar;C:\Users\srivi\.m2\repository\org\jsoup\jsoup\1.17.2\jsoup-1.17.2.jar;C:\Users\srivi\.m2\repository\com\googlecode\owasp-java-html-sanitizer\owasp-java-html-sanitizer\20220608.1\owasp-java-html-sanitizer-20220608.1.jar;C:\Users\srivi\.m2\repository\org\slf4j\jcl-over-slf4j\2.0.11\jcl-over-slf4j-2.0.11.jar;"/>
    <property name="sun.cpu.endian" value="little"/>
    <property name="user.home" value="C:\Users\srivi"/>
    <property name="user.language" value="en"/>
    <property name="java.specification.vendor" value="Oracle Corporation"/>
    <property name="java.version.date" value="2024-07-16"/>
    <property name="java.home" value="C:\Program Files\Java\jdk-22"/>
    <property name="file.separator" value="\"/>
    <property name="basedir" value="C:\Users\srivi\eclipse-workspace\skytube-mobile-automation-appium-cucumber"/>
    <property name="java.vm.compressedOopsMode" value="Zero based"/>
    <property name="line.separator" value="&#10;"/>
    <property name="java.vm.specification.vendor" value="Oracle Corporation"/>
    <property name="java.specification.name" value="Java Platform API Specification"/>
    <property name="surefire.real.class.path" value="C:\Users\srivi\AppData\Local\Temp\surefire6002169543843226002\surefirebooter-20250801201913179_3.jar"/>
    <property name="user.script" value=""/>
    <property name="sun.management.compiler" value="HotSpot 64-Bit Tiered Compilers"/>
    <property name="java.runtime.version" value="22.0.2+9-70"/>
    <property name="user.name" value="srivi"/>
    <property name="stdout.encoding" value="Cp1252"/>
    <property name="path.separator" value=";"/>
    <property name="os.version" value="10.0"/>
    <property name="java.runtime.name" value="Java(TM) SE Runtime Environment"/>
    <property name="file.encoding" value="UTF-8"/>
    <property name="java.vm.name" value="Java HotSpot(TM) 64-Bit Server VM"/>
    <property name="localRepository" value="C:\Users\srivi\.m2\repository"/>
    <property name="java.vendor.url.bug" value="https://bugreport.java.com/bugreport/"/>
    <property name="java.io.tmpdir" value="C:\Users\srivi\AppData\Local\Temp\"/>
    <property name="java.version" value="22.0.2"/>
    <property name="user.dir" value="C:\Users\srivi\eclipse-workspace\skytube-mobile-automation-appium-cucumber"/>
    <property name="os.arch" value="amd64"/>
    <property name="java.vm.specification.name" value="Java Virtual Machine Specification"/>
    <property name="sun.os.patch.level" value=""/>
    <property name="native.encoding" value="Cp1252"/>
    <property name="java.library.path" value="C:\Program Files\Java\jdk-22\bin;C:\WINDOWS\Sun\Java\bin;C:\WINDOWS\system32;C:\WINDOWS;C:/Program Files/Java/jdk-22/bin/server;C:/Program Files/Java/jdk-22/bin;C:\Program Files\Common Files\Oracle\Java\javapath;C:\WINDOWS\system32;C:\WINDOWS;C:\WINDOWS\System32\Wbem;C:\WINDOWS\System32\WindowsPowerShell\v1.0\;C:\WINDOWS\System32\OpenSSH\;C:\Program Files\dotnet\;C:\ProgramData\chocolatey\bin;C:\Program Files\Git\cmd;C:\Users\srivi\Downloads\apache-maven-3.9.9-bin\apache-maven-3.9.9\bin;C:\Program Files\Java\jdk-22\bin;C:\Users\srivi\Downloads\allure-2.30.0\allure-2.30.0\bin;C:\Program Files\PostgreSQL\17\bin;C:\Program Files\nodejs\;C:\Users\srivi\AppData\Local\Programs\Python\Python313;C:\Users\srivi\AppData\Local\Programs\Python\Python313\Scripts;C:\Program Files\Docker\Docker\resources\bin;C:\WINDOWS\system32;C:\WINDOWS;C:\WINDOWS\System32\Wbem;C:\WINDOWS\System32\WindowsPowerShell\v1.0\;C:\WINDOWS\System32\OpenSSH\;C:\Users\srivi\AppData\Roaming\npm\node_modules;C:\Users\srivi\AppData\Local\Android\Sdk;C:\Users\srivi\AppData\Local\Android\Sdk\platform-tools;C:\Users\srivi\AppData\Local\Android\Sdk\emulator;C:\Users\srivi\AppData\Local\Programs\Python\Launcher\;C:\Users\srivi\AppData\Local\Microsoft\WindowsApps;C:\Users\srivi\AppData\Local\GitHubDesktop\bin;C:\Users\srivi\AppData\Roaming\npm;C:\Users\srivi\AppData\Local\Programs\Microsoft VS Code\bin;C:\WINDOWS\system32;;."/>
    <property name="java.vm.info" value="mixed mode, sharing"/>
    <property name="stderr.encoding" value="Cp1252"/>
    <property name="java.vendor" value="Oracle Corporation"/>
    <property name="java.vm.version" value="22.0.2+9-70"/>
    <property name="sun.io.unicode.encoding" value="UnicodeLittle"/>
    <property name="java.class.version" value="66.0"/>
  </properties>
  <testcase name="Validate Video blocker - Verify that the user can view the video blocker popup" classname="Validate Video blocker" time="5.439">
    <system-out><![CDATA[&amp#27;[38;5;112m[Appium]&amp#27;[0m Welcome to Appium v2.19.0
&amp#27;[38;5;112m[Appium]&amp#27;[0m Non-default server args:
&amp#27;[38;5;112m[Appium]&amp#27;[0m { address: &amp#27;[32m'127.0.0.1'&amp#27;[39m, port: &amp#27;[33m29684&amp#27;[39m }
&amp#27;[38;5;112m[Appium]&amp#27;[0m The autodetected Appium home path: C:\Users\srivi\.appium
&amp#27;[38;5;112m[Appium]&amp#27;[0m Attempting to load driver uiautomator2...
&amp#27;[38;5;112m[Appium]&amp#27;[0m Attempting to load driver xcuitest...
&amp#27;[38;5;112m[Appium]&amp#27;[0m Requiring driver at C:\Users\srivi\.appium\node_modules\appium-xcuitest-driver\build\index.js
&amp#27;[38;5;112m[Appium]&amp#27;[0m Requiring driver at C:\Users\srivi\.appium\node_modules\appium-uiautomator2-driver\build\index.js
&amp#27;[38;5;112m[Appium]&amp#27;[0m XCUITestDriver has been successfully loaded in 1.043s
&amp#27;[38;5;112m[Appium]&amp#27;[0m AndroidUiautomator2Driver has been successfully loaded in 1.995s
&amp#27;[38;5;112m[Appium]&amp#27;[0m Appium REST http interface listener started on http://127.0.0.1:29684
&amp#27;[38;5;112m[Appium]&amp#27;[0m Available drivers:
&amp#27;[38;5;112m[Appium]&amp#27;[0m   - uiautomator2@4.2.5 (automationName 'UiAutomator2')
&amp#27;[38;5;112m[Appium]&amp#27;[0m   - xcuitest@9.9.4 (automationName 'XCUITest')
&amp#27;[38;5;112m[Appium]&amp#27;[0m No plugins have been installed. Use the "appium plugin" command to install the one(s) you want to use.
&amp#27;[38;5;86m[HTTP]&amp#27;[0m &amp#27;[37m-->&amp#27;[39m &amp#27;[37mGET&amp#27;[39m &amp#27;[37m/status&amp#27;[39m &amp#27;[90m{}&amp#27;[39m
&amp#27;[38;5;127m[AppiumDriver@cee0]&amp#27;[0m Calling AppiumDriver.getStatus() with args: []
&amp#27;[38;5;127m[AppiumDriver@cee0]&amp#27;[0m Responding to client with driver.getStatus() result: {"ready":true,"message":"The server is ready to accept new connections","build":{"version":"2.19.0"}}
&amp#27;[38;5;86m[HTTP]&amp#27;[0m &amp#27;[37m<-- GET /status &amp#27;[39m&amp#27;[32m200&amp#27;[39m &amp#27;[90m6 ms - 111&amp#27;[39m &amp#27;[90m&amp#27;[39m
20:19:19.719 [main] INFO  logger.Log - Appium Server started at: http://127.0.0.1:29684/
20:19:32.585 [main] INFO  logger.Log - Driver Started....

@video-blocker
Scenario: Verify that the user can view the video blocker popup                  &amp#27;[90m# features/Video_Blocker.feature:7&amp#27;[0m
20:19:33.063 [main] INFO  logger.Log - Feature: Video_Blocker
20:19:33.063 [main] INFO  logger.Log - Package: features

    Verify that the user can view the video blocker popup Started...

20:19:33.071 [main] INFO  logger.Log - Verify that the user can view the video blocker popup Started...
  &amp#27;[32mGiven &amp#27;[0m&amp#27;[32mThe user is on the application's home page&amp#27;[0m                               &amp#27;[90m# stepdefinitions.VideoBlockerSteps.the_user_is_on_the_application_s_home_page()&amp#27;[0m
  &amp#27;[32mWhen &amp#27;[0m&amp#27;[32mThe user taps the shield icon next to search button&amp#27;[0m                       &amp#27;[90m# stepdefinitions.VideoBlockerSteps.the_user_taps_the_shield_icon_next_to_search_button()&amp#27;[0m
  &amp#27;[32mThen &amp#27;[0m&amp#27;[32mThe user should see the Video Blocker popup with buttons Cancel and Setup&amp#27;[0m &amp#27;[90m# stepdefinitions.VideoBlockerSteps.the_user_should_see_the_video_blocker_popup_with_buttons_cancel_and_setup()&amp#27;[0m
only.fail]]></system-out>
  </testcase>
  <testcase name="Validate Video blocker - Verify the Cancel functionality of the video blocker popup" classname="Validate Video blocker" time="5.552">
    <system-out><![CDATA[
@video-blocker
Scenario: Verify the Cancel functionality of the video blocker popup &amp#27;[90m# features/Video_Blocker.feature:11&amp#27;[0m
20:19:38.111 [main] INFO  logger.Log - Feature: Video_Blocker
20:19:38.111 [main] INFO  logger.Log - Package: features

    Verify the Cancel functionality of the video blocker popup Started...

20:19:38.113 [main] INFO  logger.Log - Verify the Cancel functionality of the video blocker popup Started...
Element not clickable (not displayed): Located by By.chained({AppiumBy.id: android:id/button3})
  &amp#27;[32mGiven &amp#27;[0m&amp#27;[32mThe user is on the application's home page&amp#27;[0m                   &amp#27;[90m# stepdefinitions.VideoBlockerSteps.the_user_is_on_the_application_s_home_page()&amp#27;[0m
  &amp#27;[32mGiven &amp#27;[0m&amp#27;[32mThe user is on the video blocker popup&amp#27;[0m                       &amp#27;[90m# stepdefinitions.VideoBlockerSteps.the_user_is_on_the_video_blocker_popup()&amp#27;[0m
  &amp#27;[32mWhen &amp#27;[0m&amp#27;[32mThe user taps the Cancel button&amp#27;[0m                               &amp#27;[90m# stepdefinitions.VideoBlockerSteps.the_user_taps_the_cancel_button()&amp#27;[0m
Video Blocker popup is not displayed.
  &amp#27;[32mThen &amp#27;[0m&amp#27;[32mThe popup should close and the user remains on the home page&amp#27;[0m  &amp#27;[90m# stepdefinitions.VideoBlockerSteps.the_popup_should_close_and_the_user_remains_on_the_home_page()&amp#27;[0m
only.fail]]></system-out>
  </testcase>
  <testcase name="Validate Video blocker - Verify the Set up functionality of the video blocker popup" classname="Validate Video blocker" time="4.628">
    <system-out><![CDATA[
@video-blocker
Scenario: Verify the Set up functionality of the video blocker popup &amp#27;[90m# features/Video_Blocker.feature:16&amp#27;[0m
20:19:43.652 [main] INFO  logger.Log - Feature: Video_Blocker
20:19:43.652 [main] INFO  logger.Log - Package: features

    Verify the Set up functionality of the video blocker popup Started...

20:19:43.652 [main] INFO  logger.Log - Verify the Set up functionality of the video blocker popup Started...
Element not clickable (not displayed): Located by By.chained({AppiumBy.id: android:id/button3})
  &amp#27;[32mGiven &amp#27;[0m&amp#27;[32mThe user is on the application's home page&amp#27;[0m                   &amp#27;[90m# stepdefinitions.VideoBlockerSteps.the_user_is_on_the_application_s_home_page()&amp#27;[0m
  &amp#27;[32mGiven &amp#27;[0m&amp#27;[32mThe user is on the video blocker popup&amp#27;[0m                       &amp#27;[90m# stepdefinitions.VideoBlockerSteps.the_user_is_on_the_video_blocker_popup()&amp#27;[0m
  &amp#27;[32mWhen &amp#27;[0m&amp#27;[32mThe user taps the Set up button&amp#27;[0m                               &amp#27;[90m# stepdefinitions.VideoBlockerSteps.the_user_taps_the_set_up_button()&amp#27;[0m
  &amp#27;[32mThen &amp#27;[0m&amp#27;[32mThe user is navigated to the Preferences page&amp#27;[0m                 &amp#27;[90m# stepdefinitions.VideoBlockerSteps.the_user_is_navigated_to_the_preferences_page()&amp#27;[0m
only.fail]]></system-out>
  </testcase>
  <testcase name="Validate Watched Video Cleaner - Verify that the user can view the Watched Video Cleaner popup" classname="Validate Watched Video Cleaner" time="4.774">
    <system-out><![CDATA[
@watched-video-cleaner
Scenario: Verify that the user can view the Watched Video Cleaner popup                  &amp#27;[90m# features/Watched_Video_Cleaner.feature:7&amp#27;[0m
20:19:48.291 [main] INFO  logger.Log - Feature: Watched_Video_Cleaner
20:19:48.292 [main] INFO  logger.Log - Package: features

    Verify that the user can view the Watched Video Cleaner popup Started...

20:19:48.292 [main] INFO  logger.Log - Verify that the user can view the Watched Video Cleaner popup Started...
Element not clickable (not displayed): Located by By.chained({AppiumBy.id: android:id/button3})
  &amp#27;[32mGiven &amp#27;[0m&amp#27;[32mThe user is on the application's home page&amp#27;[0m                                       &amp#27;[90m# stepdefinitions.VideoBlockerSteps.the_user_is_on_the_application_s_home_page()&amp#27;[0m
  &amp#27;[32mWhen &amp#27;[0m&amp#27;[32mThe user taps on Watched Video Cleaner from the three-dot More Options menu&amp#27;[0m       &amp#27;[90m# stepdefinitions.WatchedVideoCleanerSteps.the_user_taps_on_watched_video_cleaner_from_the_three_dot_more_options_menu()&amp#27;[0m
  &amp#27;[32mThen &amp#27;[0m&amp#27;[32mThe user should see the Watched Video Cleaner popup with buttons Cancel and Clean&amp#27;[0m &amp#27;[90m# stepdefinitions.WatchedVideoCleanerSteps.the_user_should_see_the_watched_video_cleaner_popup_with_buttons_cancel_and_clean()&amp#27;[0m
only.fail]]></system-out>
  </testcase>
  <testcase name="Validate Watched Video Cleaner - Verify the Cancel functionality of the Watched Video Cleaner popup" classname="Validate Watched Video Cleaner" time="6.941">
    <system-out><![CDATA[
@watched-video-cleaner
Scenario: Verify the Cancel functionality of the Watched Video Cleaner popup              &amp#27;[90m# features/Watched_Video_Cleaner.feature:12&amp#27;[0m
20:19:53.057 [main] INFO  logger.Log - Feature: Watched_Video_Cleaner
20:19:53.057 [main] INFO  logger.Log - Package: features

    Verify the Cancel functionality of the Watched Video Cleaner popup Started...

20:19:53.058 [main] INFO  logger.Log - Verify the Cancel functionality of the Watched Video Cleaner popup Started...
Element not clickable (not displayed): Located by By.chained({AppiumBy.id: android:id/button3})
  &amp#27;[32mGiven &amp#27;[0m&amp#27;[32mThe user is on the application's home page&amp#27;[0m                                        &amp#27;[90m# stepdefinitions.VideoBlockerSteps.the_user_is_on_the_application_s_home_page()&amp#27;[0m
  &amp#27;[32mGiven &amp#27;[0m&amp#27;[32mThe user is on the Watched Video Cleaner popup&amp#27;[0m                                    &amp#27;[90m# stepdefinitions.WatchedVideoCleanerSteps.the_user_is_on_the_watched_video_cleaner_popup()&amp#27;[0m
  &amp#27;[32mWhen &amp#27;[0m&amp#27;[32mThe user taps the Cancel button on the Watched Video Cleaner popup&amp#27;[0m                 &amp#27;[90m# stepdefinitions.WatchedVideoCleanerSteps.the_user_taps_the_cancel_button_on_the_watched_video_cleaner_popup()&amp#27;[0m
Watched Video Cleaner popup is not displayed.
  &amp#27;[32mThen &amp#27;[0m&amp#27;[32mThe watched video cleaner popup should close and the user remains on the home page&amp#27;[0m &amp#27;[90m# stepdefinitions.WatchedVideoCleanerSteps.the_watched_video_cleaner_popup_should_close_and_the_user_remains_on_the_home_page()&amp#27;[0m
only.fail]]></system-out>
  </testcase>
  <testcase name="Validate Watched Video Cleaner - Verify the Clean functionality with both checkboxes checked" classname="Validate Watched Video Cleaner" time="29.287">
    <system-out><![CDATA[
@watched-video-cleaner
Scenario: Verify the Clean functionality with both checkboxes checked                                                  &amp#27;[90m# features/Watched_Video_Cleaner.feature:18&amp#27;[0m
20:20:00.001 [main] INFO  logger.Log - Feature: Watched_Video_Cleaner
20:20:00.002 [main] INFO  logger.Log - Package: features

    Verify the Clean functionality with both checkboxes checked Started...

20:20:00.003 [main] INFO  logger.Log - Verify the Clean functionality with both checkboxes checked Started...
Element not clickable (not displayed): Located by By.chained({AppiumBy.id: android:id/button3})
  &amp#27;[32mGiven &amp#27;[0m&amp#27;[32mThe user is on the application's home page&amp#27;[0m                                                                     &amp#27;[90m# stepdefinitions.VideoBlockerSteps.the_user_is_on_the_application_s_home_page()&amp#27;[0m
  &amp#27;[32mGiven &amp#27;[0m&amp#27;[32mThe user has some bookmarks and downloads and is on the Watched Video Cleaner popup&amp#27;[0m                            &amp#27;[90m# stepdefinitions.WatchedVideoCleanerSteps.the_user_has_some_bookmarks_and_downloads_and_is_on_the_watched_video_cleaner_popup()&amp#27;[0m
  &amp#27;[32mWhen &amp#27;[0m&amp#27;[32mThe user checks both Remove watched downloads and Remove watched bookmarks checkboxes and taps the Clean button&amp#27;[0m &amp#27;[90m# stepdefinitions.WatchedVideoCleanerSteps.the_user_checks_both_remove_watched_downloads_and_remove_watched_bookmarks_checkboxes_and_taps_the_clean_button()&amp#27;[0m
Video does not exists.
Video does not exists.
  &amp#27;[32mThen &amp#27;[0m&amp#27;[32mBoth Watched bookmarks and downloads should be removed&amp#27;[0m                                                          &amp#27;[90m# stepdefinitions.WatchedVideoCleanerSteps.both_watched_bookmarks_and_downloads_should_be_removed()&amp#27;[0m
only.fail]]></system-out>
  </testcase>
  <testcase name="Validate Watched Video Cleaner - Verify the Clean functionality with Remove watched downloads checkbox checked" classname="Validate Watched Video Cleaner" time="34.07">
    <system-out><![CDATA[
@watched-video-cleaner
Scenario: Verify the Clean functionality with Remove watched downloads checkbox checked     &amp#27;[90m# features/Watched_Video_Cleaner.feature:23&amp#27;[0m
20:20:29.287 [main] INFO  logger.Log - Feature: Watched_Video_Cleaner
20:20:29.287 [main] INFO  logger.Log - Package: features

    Verify the Clean functionality with Remove watched downloads checkbox checked Started...

20:20:29.288 [main] INFO  logger.Log - Verify the Clean functionality with Remove watched downloads checkbox checked Started...
Element not clickable (not displayed): Located by By.chained({AppiumBy.id: android:id/button3})
  &amp#27;[32mGiven &amp#27;[0m&amp#27;[32mThe user is on the application's home page&amp#27;[0m                                          &amp#27;[90m# stepdefinitions.VideoBlockerSteps.the_user_is_on_the_application_s_home_page()&amp#27;[0m
Element not clickable (not displayed): Located by By.chained({AppiumBy.androidUIAutomator: new UiSelector().text("Mark as Watched")})
Element not clickable (not displayed): Located by By.chained({AppiumBy.androidUIAutomator: new UiSelector().text("TRENDING (US)")})
Element not clickable (not displayed): Located by By.chained({AppiumBy.androidUIAutomator: new UiSelector().resourceId("free.rm.skytube.extra:id/options_button").instance(0)})
  &amp#27;[32mGiven &amp#27;[0m&amp#27;[32mThe user has some bookmarks and downloads and is on the Watched Video Cleaner popup&amp#27;[0m &amp#27;[90m# stepdefinitions.WatchedVideoCleanerSteps.the_user_has_some_bookmarks_and_downloads_and_is_on_the_watched_video_cleaner_popup()&amp#27;[0m
Checkbox already in desired state: true
Checkbox toggled to: false
  &amp#27;[32mWhen &amp#27;[0m&amp#27;[32mThe user checks only the Remove watched downloads checkbox and taps the Clean button&amp#27;[0m &amp#27;[90m# stepdefinitions.WatchedVideoCleanerSteps.the_user_checks_only_the_remove_watched_downloads_checkbox_and_taps_the_clean_button()&amp#27;[0m
Video does not exists.
  &amp#27;[32mThen &amp#27;[0m&amp#27;[32mOnly the watched downloads should be removed&amp#27;[0m                                         &amp#27;[90m# stepdefinitions.WatchedVideoCleanerSteps.only_the_watched_downloads_should_be_removed()&amp#27;[0m
only.fail]]></system-out>
  </testcase>
  <testcase name="Validate Watched Video Cleaner - Verify the Clean functionality with Remove watched bookmarks checkbox checked" classname="Validate Watched Video Cleaner" time="30.73">
    <system-out><![CDATA[
@watched-video-cleaner
Scenario: Verify the Clean functionality with Remove watched bookmarks checkbox checked     &amp#27;[90m# features/Watched_Video_Cleaner.feature:29&amp#27;[0m
20:21:03.354 [main] INFO  logger.Log - Feature: Watched_Video_Cleaner
20:21:03.354 [main] INFO  logger.Log - Package: features

    Verify the Clean functionality with Remove watched bookmarks checkbox checked Started...

20:21:03.355 [main] INFO  logger.Log - Verify the Clean functionality with Remove watched bookmarks checkbox checked Started...
Element not clickable (not displayed): Located by By.chained({AppiumBy.id: android:id/button3})
  &amp#27;[32mGiven &amp#27;[0m&amp#27;[32mThe user is on the application's home page&amp#27;[0m                                          &amp#27;[90m# stepdefinitions.VideoBlockerSteps.the_user_is_on_the_application_s_home_page()&amp#27;[0m
Element not clickable (not displayed): Located by By.chained({AppiumBy.androidUIAutomator: new UiSelector().text("Bookmark")})
Element not clickable (not displayed): Located by By.chained({AppiumBy.accessibilityId: Bookmarks})
Element not clickable (not displayed): Located by By.chained({AppiumBy.id: free.rm.skytube.extra:id/options_button})
Element not clickable (not displayed): Located by By.chained({AppiumBy.androidUIAutomator: new UiSelector().text("Mark as Watched")})
Element not clickable (not displayed): Located by By.chained({AppiumBy.androidUIAutomator: new UiSelector().text("TRENDING (US)")})
Element not clickable (not displayed): Located by By.chained({AppiumBy.androidUIAutomator: new UiSelector().resourceId("free.rm.skytube.extra:id/options_button").instance(0)})
  &amp#27;[32mGiven &amp#27;[0m&amp#27;[32mThe user has some bookmarks and downloads and is on the Watched Video Cleaner popup&amp#27;[0m &amp#27;[90m# stepdefinitions.WatchedVideoCleanerSteps.the_user_has_some_bookmarks_and_downloads_and_is_on_the_watched_video_cleaner_popup()&amp#27;[0m
Checkbox already in desired state: true
Checkbox toggled to: false
  &amp#27;[32mWhen &amp#27;[0m&amp#27;[32mThe user checks only the Remove watched bookmarks checkbox and taps the Clean button&amp#27;[0m &amp#27;[90m# stepdefinitions.WatchedVideoCleanerSteps.the_user_checks_only_the_remove_watched_bookmarks_checkbox_and_taps_the_clean_button()&amp#27;[0m
Video does not exists.
  &amp#27;[32mThen &amp#27;[0m&amp#27;[32mOnly the watched bookmarks should be removed&amp#27;[0m                                         &amp#27;[90m# stepdefinitions.WatchedVideoCleanerSteps.only_the_watched_bookmarks_should_be_removed()&amp#27;[0m
only.fail]]></system-out>
  </testcase>
</testsuite>